<?xml version="1.0" encoding="UTF-8"?>
<!-- Generated by org.testng.reporters.JUnitReportReporter -->
<testsuite hostname="Lokesh" failures="0" tests="2" name="scripts_CrossBrowserExecution.ToLaunchApp_07" time="40.763" errors="0" timestamp="2024-03-21T19:12:08 SGT" skipped="0">
  <testcase classname="scripts_CrossBrowserExecution.ToLaunchApp_07" name="launch_app" time="23.941"/>
  <system-out/>
  <testcase classname="scripts_CrossBrowserExecution.ToLaunchApp_07" name="launch_app" time="16.822"/>
  <system-out/>
</testsuite> <!-- scripts_CrossBrowserExecution.ToLaunchApp_07 -->
