<?xml version="1.0" encoding="UTF-8"?>
<!-- Generated by org.testng.reporters.JUnitReportReporter -->
<testsuite hostname="Lokesh" failures="0" tests="1" name="testNG_XML.TestScript_03" time="7.619" errors="0" timestamp="2024-04-03T18:31:43 SGT" skipped="0">
  <testcase classname="testNG_XML.TestScript_03" name="FT_01" time="7.619"/>
  <system-out/>
</testsuite> <!-- testNG_XML.TestScript_03 -->
