<?xml version="1.0" encoding="UTF-8"?>
<!-- Generated by org.testng.reporters.JUnitReportReporter -->
<testsuite hostname="Lokesh" failures="0" tests="2" name="testNG_XML.TestScript_01" time="11.030" errors="0" timestamp="2024-03-22T10:53:52 SGT" skipped="0">
  <testcase classname="testNG_XML.TestScript_01" name="functionaltest_01" time="5.633"/>
  <system-out>
script started  </system-out>
  <testcase classname="testNG_XML.TestScript_01" name="functionaltest_02" time="5.397"/>
  <system-out>
script-02 started  </system-out>
</testsuite> <!-- testNG_XML.TestScript_01 -->
