<?xml version="1.0" encoding="UTF-8"?>
<!-- Generated by org.testng.reporters.JUnitReportReporter -->
<testsuite hostname="Lokesh" failures="0" tests="1" name="scripts_Groups.ToLaunchApp_04" time="6.007" errors="0" timestamp="2024-03-21T13:06:44 SGT" skipped="0">
  <testcase classname="scripts_Groups.ToLaunchApp_04" name="launch_app" time="6.007"/>
  <system-out/>
</testsuite> <!-- scripts_Groups.ToLaunchApp_04 -->
