<?xml version="1.0" encoding="UTF-8"?>
<!-- Generated by org.testng.reporters.JUnitReportReporter -->
<testsuite hostname="Lokesh" failures="0" tests="1" name="testNG_Concepts.ToCheckTestNG" time="0.010" errors="0" timestamp="2024-03-18T18:30:43 SGT" skipped="0">
  <testcase classname="testNG_Concepts.ToCheckTestNG" name="demo" time="0.010"/>
  <system-out>
hi testing  </system-out>
</testsuite> <!-- testNG_Concepts.ToCheckTestNG -->
