<?xml version="1.0" encoding="UTF-8"?>
<!-- Generated by org.testng.reporters.JUnitReportReporter -->
<testsuite hostname="Lokesh" failures="0" tests="1" name="scripts.ToLaunchApp_05" time="5.002" errors="0" timestamp="2024-03-21T11:45:11 SGT" skipped="0">
  <testcase classname="scripts.ToLaunchApp_05" name="launch_app" time="5.002"/>
  <system-out/>
</testsuite> <!-- scripts.ToLaunchApp_05 -->
