<?xml version="1.0" encoding="UTF-8"?>
<!-- Generated by org.testng.reporters.JUnitReportReporter -->
<testsuite hostname="Lokesh" failures="0" tests="2" name="scripts_CrossBrowserExecution.ToLaunchApp_06" time="39.691" errors="0" timestamp="2024-03-21T19:12:08 SGT" skipped="0">
  <testcase classname="scripts_CrossBrowserExecution.ToLaunchApp_06" name="launch_app" time="17.973"/>
  <system-out/>
  <testcase classname="scripts_CrossBrowserExecution.ToLaunchApp_06" name="launch_app" time="21.718"/>
  <system-out/>
</testsuite> <!-- scripts_CrossBrowserExecution.ToLaunchApp_06 -->
