<?xml version="1.0" encoding="UTF-8"?>
<!-- Generated by org.testng.reporters.JUnitReportReporter -->
<testsuite hostname="Lokesh" failures="0" tests="2" name="testNG_Concepts.ToWorkWithPriority" time="0.016" errors="0" timestamp="2024-03-18T18:59:07 SGT" skipped="0">
  <testcase classname="testNG_Concepts.ToWorkWithPriority" name="demo_01" time="0.014"/>
  <system-out>
hi testng1 hi testng1  </system-out>
  <testcase classname="testNG_Concepts.ToWorkWithPriority" name="demo_02" time="0.002"/>
  <system-out>
hi testng2 hi testng2  </system-out>
</testsuite> <!-- testNG_Concepts.ToWorkWithPriority -->
