<?xml version="1.0" encoding="UTF-8"?>
<!-- Generated by org.testng.reporters.JUnitReportReporter -->
<testsuite hostname="Lokesh" failures="0" tests="2" name="scripts_CrossBrowserExecution.ToLaunchApp_02" time="38.521" errors="0" timestamp="2024-03-21T19:12:08 SGT" skipped="0">
  <testcase classname="scripts_CrossBrowserExecution.ToLaunchApp_02" name="launch_app" time="14.152"/>
  <system-out/>
  <testcase classname="scripts_CrossBrowserExecution.ToLaunchApp_02" name="launch_app" time="24.369"/>
  <system-out/>
</testsuite> <!-- scripts_CrossBrowserExecution.ToLaunchApp_02 -->
