<?xml version="1.0" encoding="UTF-8"?>
<!-- Generated by org.testng.reporters.JUnitReportReporter -->
<testsuite hostname="Lokesh" failures="0" tests="2" name="testNG_Concepts.ToWorkWithDependesOnMethods" time="0.012" errors="0" timestamp="2024-03-19T18:15:22 SGT" skipped="0">
  <testcase classname="testNG_Concepts.ToWorkWithDependesOnMethods" name="login_module" time="0.001"/>
  <system-out>
Frome login module  </system-out>
  <testcase classname="testNG_Concepts.ToWorkWithDependesOnMethods" name="register_module" time="0.011"/>
  <system-out>
From register module  </system-out>
</testsuite> <!-- testNG_Concepts.ToWorkWithDependesOnMethods -->
