<?xml version="1.0" encoding="UTF-8"?>
<!-- Generated by org.testng.reporters.JUnitReportReporter -->
<testsuite hostname="Lokesh" failures="0" tests="5" name="Dataprovider.DWS_Register" time="46.474" errors="0" timestamp="2024-03-26T09:04:57 SGT" skipped="0">
  <testcase classname="Dataprovider.DWS_Register" name="DWS_Register" time="9.118"/>
  <system-out/>
  <testcase classname="Dataprovider.DWS_Register" name="DWS_Register" time="9.704"/>
  <system-out/>
  <testcase classname="Dataprovider.DWS_Register" name="DWS_Register" time="9.089"/>
  <system-out/>
  <testcase classname="Dataprovider.DWS_Register" name="DWS_Register" time="9.088"/>
  <system-out/>
  <testcase classname="Dataprovider.DWS_Register" name="DWS_Register" time="9.475"/>
  <system-out/>
</testsuite> <!-- Dataprovider.DWS_Register -->
