<?xml version="1.0" encoding="UTF-8"?>
<!-- Generated by org.testng.reporters.JUnitReportReporter -->
<testsuite hostname="Lokesh" failures="0" tests="2" name="scripts_CrossBrowserExecution.ToLaunchApp_03" time="39.745" errors="0" timestamp="2024-03-21T19:12:08 SGT" skipped="0">
  <testcase classname="scripts_CrossBrowserExecution.ToLaunchApp_03" name="launch_app" time="17.065"/>
  <system-out/>
  <testcase classname="scripts_CrossBrowserExecution.ToLaunchApp_03" name="launch_app" time="22.680"/>
  <system-out/>
</testsuite> <!-- scripts_CrossBrowserExecution.ToLaunchApp_03 -->
